------------------------------------------
[DEBUG]-Time：2018-02-27 05:39:52,698 -Thread Id:[main] -LogLevel：DEBUG -location：majors.openSource.BevaSunSong.test.testlog.main(testlog.java:11) -mesDetail：DEBUGroperty -Exception： -DEBUG mes：测试
[ERROR]-Time：2018-02-27 05:39:52,718 -Thread Id:[main] -LogLevel：ERROR -location：majors.openSource.BevaSunSong.test.testlog.main(testlog.java:12) -mesDetail：ERRORroperty -Exception： -ERROR mes：错误消息
[DEBUG]-Time：2018-02-27 05:40:50,553 -Thread Id:[main] -LogLevel：DEBUG -location：majors.openSource.BevaSunSong.test.testlog.main(testlog.java:11) -mesDetail：DEBUGroperty -Exception： -DEBUG mes：测试
[ERROR]-Time：2018-02-27 05:40:50,563 -Thread Id:[main] -LogLevel：ERROR -location：majors.openSource.BevaSunSong.test.testlog.main(testlog.java:12) -mesDetail：ERRORroperty -Exception： -ERROR mes：错误消息
[ERROR]-Time：2018-02-27 13:09:16,309 -Thread Id:[main] -LogLevel：ERROR -location：majors.openSource.BevaSunSong.java.DownVedioHandler.downloadNet(DownVedioHandler.java:86) -mesDetail：ERRORroperty -Exception： -ERROR mes：Connection timed out: connect
[ERROR]-Time：2018-02-28 00:00:54,755 -Thread Id:[main] -LogLevel：ERROR -location：majors.openSource.BevaSunSong.java.DownVedioHandler.downloadNet(DownVedioHandler.java:83) -mesDetail：ERRORroperty -Exception： -ERROR mes：http://bevavideo-web.beva.cn/c20d07f07fbe2bb2b575cba75b6e7a03/5a9580b5/2a1b0a4673/h360/video.mp4
[ERROR]-Time：2018-02-28 00:03:22,294 -Thread Id:[main] -LogLevel：ERROR -location：majors.openSource.BevaSunSong.java.DownVedioHandler.downloadNet(DownVedioHandler.java:83) -mesDetail：ERRORroperty -Exception： -ERROR mes：http://bevavideo-web.beva.cn/11ef9b5281eee7ca65e065675fd4ccd7/5a958149/6651d31cfe/h360/video.mp4
[ERROR]-Time：2018-02-28 00:06:23,995 -Thread Id:[main] -LogLevel：ERROR -location：majors.openSource.BevaSunSong.java.DownVedioHandler.downloadNet(DownVedioHandler.java:83) -mesDetail：ERRORroperty -Exception： -ERROR mes：http://bevavideo-web.beva.cn/dba1470e9e0e504d64d16e72f8cfa160/5a9581ff/40cca1c957/h360/video.mp4
[ERROR]-Time：2018-02-28 00:07:11,456 -Thread Id:[main] -LogLevel：ERROR -location：majors.openSource.BevaSunSong.java.DownVedioHandler.downloadNet(DownVedioHandler.java:83) -mesDetail：ERRORroperty -Exception： -ERROR mes：http://bevavideo-web.beva.cn/949c20c8524f590e5bb5ebf94db5e692/5a95822e/bad00d5c97/h360/video.mp4
[ERROR]-Time：2018-02-28 00:08:46,801 -Thread Id:[main] -LogLevel：ERROR -location：majors.openSource.BevaSunSong.java.DownVedioHandler.downloadNet(DownVedioHandler.java:83) -mesDetail：ERRORroperty -Exception： -ERROR mes：http://bevavideo-web.beva.cn/e2b4ecd7ba0af90f55c40c3dbd8f5cd6/5a95828d/b733234b6c/h360/video.mp4
[ERROR]-Time：2018-02-28 00:09:06,418 -Thread Id:[main] -LogLevel：ERROR -location：majors.openSource.BevaSunSong.java.DownVedioHandler.downloadNet(DownVedioHandler.java:83) -mesDetail：ERRORroperty -Exception： -ERROR mes：http://bevavideo-web.beva.cn/027ac42bb9546b6c786a7b3dd155cba5/5a9582a1/ca2c4d101d/h360/video.mp4
[ERROR]-Time：2018-02-28 01:00:33,224 -Thread Id:[main] -LogLevel：ERROR -location：majors.openSource.BevaSunSong.java.DownVedioHandler.downloadNet(DownVedioHandler.java:83) -mesDetail：ERRORroperty -Exception： -ERROR mes：http://bevavideo-web.beva.cn/42279182e96f4cba25435393ce9f8cf6/5a958eb0/ac730933e0/h360/video.mp4
[ERROR]-Time：2018-02-28 01:00:55,439 -Thread Id:[main] -LogLevel：ERROR -location：majors.openSource.BevaSunSong.java.DownVedioHandler.downloadNet(DownVedioHandler.java:83) -mesDetail：ERRORroperty -Exception： -ERROR mes：http://bevavideo-web.beva.cn/486763d2367041bdd2455f45e8d7e5fc/5a958ec6/ac730933e0/h360/video.mp4
[ERROR]-Time：2018-03-01 13:49:05,485 -Thread Id:[main] -LogLevel：ERROR -location：majors.openSource.free_chart_nuance.Client.<init>(Client.java:41) -mesDetail：ERRORroperty -Exception： -ERROR mes：Connection reset
[ERROR]-Time：2018-03-01 13:50:49,754 -Thread Id:[main] -LogLevel：ERROR -location：majors.openSource.free_chart_nuance.Client.<init>(Client.java:41) -mesDetail：ERRORroperty -Exception： -ERROR mes：Connection reset
[ERROR]-Time：2018-03-01 13:53:07,616 -Thread Id:[Thread-1] -LogLevel：ERROR -location：majors.openSource.free_chart_nuance.Server$ChartThread.run(Server.java:74) -mesDetail：ERRORroperty -Exception： -ERROR mes：Connection reset
[ERROR]-Time：2018-03-01 13:57:06,223 -Thread Id:[main] -LogLevel：ERROR -location：majors.openSource.free_chart_nuance.Client.<init>(Client.java:43) -mesDetail：ERRORroperty -Exception： -ERROR mes：Connection refused: connect
[ERROR]-Time：2018-03-01 14:00:33,163 -Thread Id:[Thread-1] -LogLevel：ERROR -location：majors.openSource.free_chart_nuance.Server$ChartThread.run(Server.java:79) -mesDetail：ERRORroperty -Exception： -ERROR mes：Connection reset
[ERROR]-Time：2018-03-01 14:02:40,555 -Thread Id:[main] -LogLevel：ERROR -location：majors.openSource.free_chart_nuance.Client.<init>(Client.java:43) -mesDetail：ERRORroperty -Exception： -ERROR mes：Connection reset
